<?xml version="1.0" encoding="UTF-8"?>
<!-- Generated by org.testng.reporters.JUnitReportReporter -->
<testsuite hostname="LAP-TZ-0X82240" failures="0" tests="1" name="FakeAPIsPractice.JSONSchemaValidation" time="2.460" errors="0" timestamp="2025-01-12T19:41:23 IST" skipped="0">
  <testcase classname="FakeAPIsPractice.JSONSchemaValidation" name="jsonschemavalidation" time="2.460"/>
  <system-out/>
</testsuite> <!-- FakeAPIsPractice.JSONSchemaValidation -->
