<?xml version="1.0" encoding="UTF-8"?>
<!-- Generated by org.testng.reporters.JUnitReportReporter -->
<testsuite hostname="LAP-TZ-0X82240" failures="0" tests="1" name="airlines.AirlineTests" time="3.106" errors="0" timestamp="2025-01-17T10:37:02 IST" skipped="0">
  <testcase classname="airlines.AirlineTests" name="createAirline" time="3.106"/>
  <system-out/>
</testsuite> <!-- airlines.AirlineTests -->
