<?xml version="1.0" encoding="UTF-8"?>
<!-- Generated by org.testng.reporters.JUnitReportReporter -->
<testsuite hostname="LAP-TZ-0X82240" failures="0" tests="1" name="programs.practiceMyOwn" time="0.010" errors="0" timestamp="2023-07-30T09:19:11 IST" skipped="0">
  <testcase classname="programs.practiceMyOwn" name="filterStream" time="0.010"/>
</testsuite> <!-- programs.practiceMyOwn -->
