<?xml version="1.0" encoding="UTF-8"?>
<!-- Generated by org.testng.reporters.JUnitReportReporter -->
<testsuite hostname="LAP-TZ-0X82240" failures="0" tests="6" name="programs.streamsBasics" time="0.012" errors="0" timestamp="2023-08-26T21:45:05 IST" skipped="5">
  <testcase classname="programs.streamsBasics" name="printNamesStartsWithAJavaStreamsFilter" time="0.012"/>
  <testcase classname="programs.streamsBasics" name="countNameStartsWithAJavaStreamsFilter1">
    <skipped/>
  </testcase> <!-- countNameStartsWithAJavaStreamsFilter1 -->
  <testcase classname="programs.streamsBasics" name="countNameStartsWithARegularWay">
    <skipped/>
  </testcase> <!-- countNameStartsWithARegularWay -->
  <testcase classname="programs.streamsBasics" name="findDuplicateCharsIntoString">
    <skipped/>
  </testcase> <!-- findDuplicateCharsIntoString -->
  <testcase classname="programs.streamsBasics" name="countNameStartsWithAJavaStreamsFilter">
    <skipped/>
  </testcase> <!-- countNameStartsWithAJavaStreamsFilter -->
  <testcase classname="programs.streamsBasics" name="printNamesWithLengthGreaterThanFourWithJavaStreamsFilter">
    <skipped/>
  </testcase> <!-- printNamesWithLengthGreaterThanFourWithJavaStreamsFilter -->
</testsuite> <!-- programs.streamsBasics -->
