<?xml version="1.0" encoding="UTF-8"?>
<!-- Generated by org.testng.reporters.JUnitReportReporter -->
<testsuite hostname="LAP-TZ-0X82240" failures="0" tests="1" name="AutomationPractice.useCasesOfJavaStream" time="13.497" errors="0" timestamp="2023-08-06T16:39:14 IST" skipped="0">
  <testcase classname="AutomationPractice.useCasesOfJavaStream" name="webTableAutomation" time="13.497"/>
</testsuite> <!-- AutomationPractice.useCasesOfJavaStream -->
