<?xml version="1.0" encoding="UTF-8"?>
<!-- Generated by org.testng.reporters.JUnitReportReporter -->
<testsuite hostname="LAP-TZ-0X82240" failures="0" tests="1" name="ExtentReportPackage.ExtentReportTest" time="7.488" errors="0" timestamp="2024-11-14T18:40:19 IST" skipped="0">
  <testcase classname="ExtentReportPackage.ExtentReportTest" name="extentReport" time="7.488"/>
</testsuite> <!-- ExtentReportPackage.ExtentReportTest -->
