<?xml version="1.0" encoding="UTF-8"?>
<!-- Generated by org.testng.reporters.JUnitReportReporter -->
<testsuite hostname="LAP-TZ-0X82240" failures="0" tests="1" name="Test.EndToEndFlowTest" time="7.125" errors="0" timestamp="2024-05-18T09:28:38 IST" skipped="0">
  <testcase classname="Test.EndToEndFlowTest" name="eCommerceEndToEndAPITest" time="7.125"/>
  <system-out/>
</testsuite> <!-- Test.EndToEndFlowTest -->
