<?xml version="1.0" encoding="UTF-8"?>
<!-- Generated by org.testng.reporters.JUnitReportReporter -->
<testsuite hostname="LAP-TZ-0X82240" failures="0" tests="1" name="cucumberOptions.TestNGTestRunner" time="11.277" errors="0" timestamp="2024-10-05T18:51:02 IST" skipped="0">
  <testcase classname="cucumberOptions.TestNGTestRunner" name="runScenario" time="11.277"/>
</testsuite> <!-- cucumberOptions.TestNGTestRunner -->
