<?xml version="1.0" encoding="UTF-8"?>
<!-- Generated by org.testng.reporters.JUnitReportReporter -->
<testsuite hostname="LAP-TZ-0X82240" failures="0" tests="1" name="TestNgPackage.LoginWebApp" time="0.002" errors="0" timestamp="2024-04-06T18:26:13 IST" skipped="0">
  <testcase classname="TestNgPackage.LoginWebApp" name="fnVerifyWebAppTitle" time="0.002"/>
  <system-out/>
</testsuite> <!-- TestNgPackage.LoginWebApp -->
