<?xml version="1.0" encoding="UTF-8"?>
<!-- Generated by org.testng.reporters.JUnitReportReporter -->
<testsuite hostname="LAP-TZ-0X82240" failures="0" tests="3" name="TestNgPackage.LoginDesktopApp" time="0.014" errors="0" timestamp="2024-04-10T09:37:12 IST" skipped="0">
  <testcase classname="TestNgPackage.LoginDesktopApp" name="fnVerifyWebAppName" time="0.001"/>
  <system-out/>
  <testcase classname="TestNgPackage.LoginDesktopApp" name="fnVerifyWebAppLoginBtn" time="0.002"/>
  <system-out/>
  <testcase classname="TestNgPackage.LoginDesktopApp" name="fnVerifyDesktopAppTitle" time="0.011"/>
  <system-out/>
</testsuite> <!-- TestNgPackage.LoginDesktopApp -->
