<?xml version="1.0" encoding="UTF-8"?>
<!-- Generated by org.testng.reporters.JUnitReportReporter -->
<testsuite hostname="LAP-TZ-0X82240" failures="0" tests="1" name="com.tests.OccuranceOfLettersInString" time="0.012" errors="0" timestamp="2023-11-17T16:38:18 IST" skipped="0">
  <testcase classname="com.tests.OccuranceOfLettersInString" name="findCountOfLettersInString" time="0.012"/>
  <system-out/>
</testsuite> <!-- com.tests.OccuranceOfLettersInString -->
