<?xml version="1.0" encoding="UTF-8"?>
<!-- Generated by org.testng.reporters.JUnitReportReporter -->
<testsuite hostname="LAP-TZ-0X82240" failures="0" tests="20" name="TestingBySriniSir.AddRequest" time="5.154" errors="0" timestamp="2023-08-05T15:43:19 IST" skipped="17">
  <testcase classname="TestingBySriniSir.AddRequest" name="getData" time="3.961"/>
  <system-out/>
  <testcase classname="TestingBySriniSir.AddRequest" name="getData" time="0.585"/>
  <system-out/>
  <testcase classname="TestingBySriniSir.AddRequest" name="getData" time="0.608"/>
  <system-out/>
  <testcase classname="TestingBySriniSir.AddRequest" name="R13">
    <skipped/>
  </testcase> <!-- R13 -->
  <system-out/>
  <testcase classname="TestingBySriniSir.AddRequest" name="R11">
    <skipped/>
  </testcase> <!-- R11 -->
  <system-out/>
  <testcase classname="TestingBySriniSir.AddRequest" name="R14">
    <skipped/>
  </testcase> <!-- R14 -->
  <system-out/>
  <testcase classname="TestingBySriniSir.AddRequest" name="R12">
    <skipped/>
  </testcase> <!-- R12 -->
  <system-out/>
  <testcase classname="TestingBySriniSir.AddRequest" name="R10">
    <skipped/>
  </testcase> <!-- R10 -->
  <system-out/>
  <testcase classname="TestingBySriniSir.AddRequest" name="test2">
    <skipped/>
  </testcase> <!-- test2 -->
  <system-out/>
  <testcase classname="TestingBySriniSir.AddRequest" name="Re2">
    <skipped/>
  </testcase> <!-- Re2 -->
  <system-out/>
  <testcase classname="TestingBySriniSir.AddRequest" name="R15">
    <skipped/>
  </testcase> <!-- R15 -->
  <system-out/>
  <testcase classname="TestingBySriniSir.AddRequest" name="Re7">
    <skipped/>
  </testcase> <!-- Re7 -->
  <system-out/>
  <testcase classname="TestingBySriniSir.AddRequest" name="Re5">
    <skipped/>
  </testcase> <!-- Re5 -->
  <system-out/>
  <testcase classname="TestingBySriniSir.AddRequest" name="Re8">
    <skipped/>
  </testcase> <!-- Re8 -->
  <system-out/>
  <testcase classname="TestingBySriniSir.AddRequest" name="Re3">
    <skipped/>
  </testcase> <!-- Re3 -->
  <system-out/>
  <testcase classname="TestingBySriniSir.AddRequest" name="Re6">
    <skipped/>
  </testcase> <!-- Re6 -->
  <system-out/>
  <testcase classname="TestingBySriniSir.AddRequest" name="test">
    <skipped/>
  </testcase> <!-- test -->
  <system-out/>
  <testcase classname="TestingBySriniSir.AddRequest" name="Re1">
    <skipped/>
  </testcase> <!-- Re1 -->
  <system-out/>
  <testcase classname="TestingBySriniSir.AddRequest" name="Re4">
    <skipped/>
  </testcase> <!-- Re4 -->
  <system-out/>
  <testcase classname="TestingBySriniSir.AddRequest" name="Re9">
    <skipped/>
  </testcase> <!-- Re9 -->
  <system-out/>
</testsuite> <!-- TestingBySriniSir.AddRequest -->
