<?xml version="1.0" encoding="UTF-8"?>
<!-- Generated by org.testng.reporters.JUnitReportReporter -->
<testsuite hostname="LAP-TZ-0X82240" failures="0" tests="1" name="com.tests.getRequest" time="2.841" errors="0" timestamp="2023-11-04T20:01:27 IST" skipped="0">
  <testcase classname="com.tests.getRequest" name="getEmployees" time="2.841"/>
  <system-out/>
</testsuite> <!-- com.tests.getRequest -->
