<?xml version="1.0" encoding="UTF-8"?>
<!-- Generated by org.testng.reporters.JUnitReportReporter -->
<testsuite hostname="LAP-TZ-0X82240" failures="0" tests="3" name="com.tests.postRequest" time="3.403" errors="0" timestamp="2023-11-04T20:01:00 IST" skipped="2">
  <testcase classname="com.tests.postRequest" name="createEmployee" time="3.403"/>
  <system-out/>
  <testcase classname="com.tests.postRequest" name="createEmploye">
    <skipped/>
  </testcase> <!-- createEmploye -->
  <system-out/>
  <testcase classname="com.tests.postRequest" name="createEmp">
    <skipped/>
  </testcase> <!-- createEmp -->
  <system-out/>
</testsuite> <!-- com.tests.postRequest -->
