<?xml version="1.0" encoding="UTF-8"?>
<!-- Generated by org.testng.reporters.JUnitReportReporter -->
<testsuite hostname="LAP-TZ-0X82240" failures="0" tests="1" name="com.tests.practiceofProgramms" time="0.016" errors="0" timestamp="2024-01-18T08:16:02 IST" skipped="0">
  <testcase classname="com.tests.practiceofProgramms" name="findCountOfLettersInString" time="0.016"/>
  <system-out/>
</testsuite> <!-- com.tests.practiceofProgramms -->
