<?xml version="1.0" encoding="UTF-8"?>
<!-- Generated by org.testng.reporters.JUnitReportReporter -->
<testsuite hostname="LAP-TZ-0X82240" failures="0" tests="1" name="SumValidationOfCoursesPrice" time="2.002" errors="0" timestamp="2024-04-13T17:13:57 IST" skipped="0">
  <testcase classname="SumValidationOfCoursesPrice" name="sumValidation" time="2.002"/>
  <system-out/>
</testsuite> <!-- SumValidationOfCoursesPrice -->
