<?xml version="1.0" encoding="UTF-8"?>
<!-- Generated by org.testng.reporters.JUnitReportReporter -->
<testsuite hostname="LAP-TZ-0X82240" failures="0" tests="2" name="Tests.DynamicJsonBooksTest" time="3.884" errors="0" timestamp="2024-09-28T10:43:03 IST" skipped="1">
  <testcase classname="Tests.DynamicJsonBooksTest" name="addBook" time="3.884"/>
  <system-out/>
  <testcase classname="Tests.DynamicJsonBooksTest" name="deleteBook">
    <skipped/>
  </testcase> <!-- deleteBook -->
  <system-out/>
</testsuite> <!-- Tests.DynamicJsonBooksTest -->
