<?xml version="1.0" encoding="UTF-8"?>
<!-- Generated by org.testng.reporters.JUnitReportReporter -->
<testsuite hostname="LAP-TZ-0X82240" failures="0" tests="1" name="AutomationPractice.useCasesOfJavaStream" time="12.525" errors="0" timestamp="2023-08-08T11:13:01 IST" skipped="0">
  <testcase classname="AutomationPractice.useCasesOfJavaStream" name="webTableAutomation" time="12.525"/>
  <system-out/>
</testsuite> <!-- AutomationPractice.useCasesOfJavaStream -->
