<?xml version="1.0" encoding="UTF-8"?>
<!-- Generated by org.testng.reporters.JUnitReportReporter -->
<testsuite hostname="LAP-TZ-0X82240" failures="0" tests="5" name="realTimeTestCasesWithListeners.AllTestCases" time="0.293" errors="0" timestamp="2023-08-08T11:43:26 IST" skipped="0">
  <testcase classname="realTimeTestCasesWithListeners.AllTestCases" name="fnGetTitle" time="0.008"/>
  <system-out/>
  <testcase classname="realTimeTestCasesWithListeners.AllTestCases" name="fnEnterValueInSearchBar" time="0.090"/>
  <system-out/>
  <testcase classname="realTimeTestCasesWithListeners.AllTestCases" name="fnGetGreenKartText" time="0.031"/>
  <system-out/>
  <testcase classname="realTimeTestCasesWithListeners.AllTestCases" name="fnClickOnTableHeader" time="0.056"/>
  <system-out/>
  <testcase classname="realTimeTestCasesWithListeners.AllTestCases" name="fnClickOnNextBtn" time="0.108"/>
  <system-out/>
</testsuite> <!-- realTimeTestCasesWithListeners.AllTestCases -->
