<?xml version="1.0" encoding="UTF-8"?>
<!-- Generated by org.testng.reporters.JUnitReportReporter -->
<testsuite hostname="LAP-TZ-0X82240" failures="0" tests="1" name="JavaSeleniumUdemyCourse.extentReport" time="5.571" errors="0" timestamp="2023-08-27T11:07:38 IST" skipped="0">
  <testcase classname="JavaSeleniumUdemyCourse.extentReport" name="Test1" time="5.571"/>
  <system-out/>
</testsuite> <!-- JavaSeleniumUdemyCourse.extentReport -->
