<?xml version="1.0" encoding="UTF-8"?>
<!-- Generated by org.testng.reporters.JUnitReportReporter -->
<testsuite hostname="LAP-TZ-0X82240" failures="0" tests="1" name="AutomationPractice.ExceptionHandling" time="11.518" errors="0" timestamp="2024-01-19T09:24:40 IST" skipped="0">
  <testcase classname="AutomationPractice.ExceptionHandling" name="fnExceptionHandling" time="11.518"/>
  <system-out/>
</testsuite> <!-- AutomationPractice.ExceptionHandling -->
