<?xml version="1.0" encoding="UTF-8"?>
<!-- Generated by org.testng.reporters.JUnitReportReporter -->
<testsuite hostname="LAP-TZ-0X82240" failures="0" tests="3" name="DataProviderExcelIntegration.ExcelReader" time="0.012" errors="0" timestamp="2024-12-08T11:07:11 IST" skipped="0">
  <testcase classname="DataProviderExcelIntegration.ExcelReader" name="createCase" time="0.003"/>
  <testcase classname="DataProviderExcelIntegration.ExcelReader" name="createCase" time="0.002"/>
  <testcase classname="DataProviderExcelIntegration.ExcelReader" name="createCase" time="0.007"/>
</testsuite> <!-- DataProviderExcelIntegration.ExcelReader -->
