<?xml version="1.0" encoding="UTF-8"?>
<!-- Generated by org.testng.reporters.JUnitReportReporter -->
<testsuite hostname="LAP-TZ-0X82240" failures="0" tests="3" name="DataProviderExcelIntegration.NNUTest" time="0.011" errors="0" timestamp="2024-12-08T11:11:37 IST" skipped="0">
  <testcase classname="DataProviderExcelIntegration.NNUTest" name="createCase" time="0.008"/>
  <testcase classname="DataProviderExcelIntegration.NNUTest" name="createCase" time="0.002"/>
  <testcase classname="DataProviderExcelIntegration.NNUTest" name="createCase" time="0.001"/>
</testsuite> <!-- DataProviderExcelIntegration.NNUTest -->
