<?xml version="1.0" encoding="UTF-8"?>
<!-- Generated by org.testng.reporters.JUnitReportReporter -->
<testsuite hostname="LAP-TZ-0X82240" failures="0" tests="1" name="JiraAPITests.SpecBuilderTest" time="3.437" errors="0" timestamp="2024-04-28T18:54:48 IST" skipped="0">
  <testcase classname="JiraAPITests.SpecBuilderTest" name="addPlace" time="3.437"/>
  <system-out/>
</testsuite> <!-- JiraAPITests.SpecBuilderTest -->
