<?xml version="1.0" encoding="UTF-8"?>
<!-- Generated by org.testng.reporters.JUnitReportReporter -->
<testsuite hostname="LAP-TZ-0X82240" failures="0" tests="1" name="JiraAPITests.SendingAttachmentToRestAPIUsingMultipartMethod" time="5.729" errors="0" timestamp="2024-04-14T17:17:49 IST" skipped="0">
  <testcase classname="JiraAPITests.SendingAttachmentToRestAPIUsingMultipartMethod" name="sendAttachment" time="5.729"/>
  <system-out/>
</testsuite> <!-- JiraAPITests.SendingAttachmentToRestAPIUsingMultipartMethod -->
