<?xml version="1.0" encoding="UTF-8"?>
<!-- Generated by org.testng.reporters.JUnitReportReporter -->
<testsuite hostname="LAP-TZ-0X82240" failures="0" tests="1" name="JiraAPITests.SerializationTestWithGoogleAPI" time="5.070" errors="0" timestamp="2024-04-28T17:05:48 IST" skipped="0">
  <testcase classname="JiraAPITests.SerializationTestWithGoogleAPI" name="addPlace" time="5.070"/>
  <system-out/>
</testsuite> <!-- JiraAPITests.SerializationTestWithGoogleAPI -->
