<?xml version="1.0" encoding="UTF-8"?>
<!-- Generated by org.testng.reporters.JUnitReportReporter -->
<testsuite hostname="LAP-TZ-0X82240" failures="0" tests="1" name="JiraAPITests.AddComment" time="7.560" errors="0" timestamp="2024-04-13T21:47:42 IST" skipped="0">
  <testcase classname="JiraAPITests.AddComment" name="addComment" time="7.560"/>
  <system-out/>
</testsuite> <!-- JiraAPITests.AddComment -->
