<?xml version="1.0" encoding="UTF-8"?>
<!-- Generated by org.testng.reporters.JUnitReportReporter -->
<testsuite hostname="LAP-TZ-0X82240" failures="0" tests="1" name="PostRequest.createBookingRequest" time="2.690" errors="0" timestamp="2025-01-19T13:41:31 IST" skipped="0">
  <testcase classname="PostRequest.createBookingRequest" name="createBooking" time="2.690"/>
  <system-out/>
</testsuite> <!-- PostRequest.createBookingRequest -->
