<?xml version="1.0" encoding="UTF-8"?>
<!-- Generated by org.testng.reporters.JUnitReportReporter -->
<testsuite hostname="LAP-TZ-0X82240" failures="0" tests="1" name="GetRequest.createGetRequest" time="2.861" errors="0" timestamp="2025-01-30T09:52:05 IST" skipped="0">
  <testcase classname="GetRequest.createGetRequest" name="getBooking" time="2.861"/>
  <system-out/>
</testsuite> <!-- GetRequest.createGetRequest -->
