<?xml version="1.0" encoding="UTF-8"?>
<!-- Generated by org.testng.reporters.JUnitReportReporter -->
<testsuite hostname="LAP-TZ-0X82240" failures="0" tests="2" name="TestNgPackage.LoginMobileApp" time="0.006" errors="0" timestamp="2024-01-08T08:01:37 IST" skipped="0">
  <testcase classname="TestNgPackage.LoginMobileApp" name="fnVerifyMobileAppTitle" time="0.000"/>
  <system-out/>
  <testcase classname="TestNgPackage.LoginMobileApp" name="fnVerifyMobileAppLoginBtn" time="0.006"/>
  <system-out/>
</testsuite> <!-- TestNgPackage.LoginMobileApp -->
