<?xml version="1.0" encoding="UTF-8"?>
<!-- Generated by org.testng.reporters.JUnitReportReporter -->
<testsuite hostname="LAP-TZ-0X82240" failures="0" tests="1" name="com.coforge.mobileTesting.MobileTesting.virtualDeviceTesting" time="15.294" errors="0" timestamp="2023-09-26T15:48:16 IST" skipped="0">
  <testcase classname="com.coforge.mobileTesting.MobileTesting.virtualDeviceTesting" name="fnVerifyMobileClock" time="15.294"/>
</testsuite> <!-- com.coforge.mobileTesting.MobileTesting.virtualDeviceTesting -->
