<?xml version="1.0" encoding="UTF-8"?>
<!-- Generated by org.testng.reporters.JUnitReportReporter -->
<testsuite hostname="LAP-TZ-0X82240" failures="0" tests="1" name="com.coforge.mobileTesting.MobileTesting.BrowserStack_NOPComm" time="42.710" errors="0" timestamp="2023-09-25T16:40:15 IST" skipped="0">
  <testcase classname="com.coforge.mobileTesting.MobileTesting.BrowserStack_NOPComm" name="LaunchNOPCommApp" time="42.710"/>
</testsuite> <!-- com.coforge.mobileTesting.MobileTesting.BrowserStack_NOPComm -->
